\BOOKMARK [0][]{ustcchapter.1.0}{\376\377\000T\000i\000t\000l\000e\000\040\000p\000a\000g\000e}{}% 1
\BOOKMARK [0][]{ustcchapter.2.0}{\376\377\144\130\211\201}{}% 2
\BOOKMARK [0][]{ustcchapter.3.0}{\376\377\000A\000B\000S\000T\000R\000A\000C\000T}{}% 3
\BOOKMARK [0][]{ustcchapter.4.0}{\376\377\166\356\137\125}{}% 4
\BOOKMARK [0][]{ustcchapter.5.0}{\376\377\173\046\123\367\213\364\146\016}{}% 5
\BOOKMARK [0][]{chapter.1}{\376\377\173\054\116\000\172\340\000\040\176\352\213\272}{}% 6
\BOOKMARK [1][-]{section.1.1}{\376\377\173\054\116\000\202\202\000\040\147\054\145\207\215\041\163\056}{chapter.1}% 7
\BOOKMARK [1][-]{section.1.2}{\376\377\173\054\116\214\202\202\000\040\173\046\123\367\133\232\116\111}{chapter.1}% 8
\BOOKMARK [0][]{chapter.2}{\376\377\173\054\116\214\172\340\000\040\127\107\123\000\221\307\150\067}{}% 9
\BOOKMARK [0][]{chapter.3}{\376\377\173\054\116\011\172\340\000\040\155\156\122\250\117\123}{}% 10
\BOOKMARK [1][-]{section.3.1}{\376\377\173\054\116\000\202\202\000\040\116\011\176\277\210\150}{chapter.3}% 11
\BOOKMARK [1][-]{section.3.2}{\376\377\173\054\116\214\202\202\000\040\143\322\126\376}{chapter.3}% 12
\BOOKMARK [1][-]{section.3.3}{\376\377\173\054\116\011\202\202\000\040\173\227\154\325\163\257\130\203}{chapter.3}% 13
\BOOKMARK [0][]{chapter.4}{\376\377\173\054\126\333\172\340\000\040\145\160\133\146}{}% 14
\BOOKMARK [1][-]{section.4.1}{\376\377\173\054\116\000\202\202\000\040\145\160\133\146\173\046\123\367}{chapter.4}% 15
\BOOKMARK [1][-]{section.4.2}{\376\377\173\054\116\214\202\202\000\040\145\160\133\146\121\154\137\017}{chapter.4}% 16
\BOOKMARK [1][-]{section.4.3}{\376\377\173\054\116\011\202\202\000\040\221\317\124\214\123\125\117\115}{chapter.4}% 17
\BOOKMARK [1][-]{section.4.4}{\376\377\173\054\126\333\202\202\000\040\133\232\164\006\124\214\213\301\146\016}{chapter.4}% 18
\BOOKMARK [0][]{chapter.5}{\376\377\173\054\116\224\172\340\000\040\137\025\165\050\145\207\163\056\166\204\150\007\154\350}{}% 19
\BOOKMARK [1][-]{section.5.1}{\376\377\173\054\116\000\202\202\000\040\230\172\136\217\177\026\170\001\122\066}{chapter.5}% 20
\BOOKMARK [2][-]{subsection.5.1.1}{\376\377\116\000\000\040\211\322\150\007\145\160\133\127\150\007\154\350\154\325}{section.5.1}% 21
\BOOKMARK [2][-]{subsection.5.1.2}{\376\377\116\214\000\040\145\160\133\127\150\007\154\350\154\325}{section.5.1}% 22
\BOOKMARK [1][-]{section.5.2}{\376\377\173\054\116\214\202\202\000\040\204\127\200\005\000-\121\372\162\110\136\164\122\066\150\007\154\350\154\325}{chapter.5}% 23
\BOOKMARK [0][]{chapter*.15}{\376\377\123\302\200\003\145\207\163\056}{}% 24
\BOOKMARK [0][]{appendix.A}{\376\377\226\104\137\125\000\040\000A\000\040\210\145\121\105\147\120\145\231}{}% 25
\BOOKMARK [1][-]{section.A.1}{\376\377\173\054\116\000\202\202\000\040\210\145\121\105\172\340\202\202}{appendix.A}% 26
\BOOKMARK [0][]{appendix*.16}{\376\377\201\364\214\042}{}% 27
\BOOKMARK [0][]{appendix*.17}{\376\377\127\050\213\373\147\037\225\364\123\321\210\150\166\204\133\146\147\057\213\272\145\207\116\016\123\326\137\227\166\204\170\024\172\166\142\020\147\234}{}% 28
